{
  "RSpec": {
    "coverage": {
      "/Volumes/Macintosh HD - Data/Users/student/projects/makers_onsite/week_4/bookmark_manager/spec/bookmark_spec.rb": {
        "lines": [
          1,
          null,
          1,
          null,
          1,
          1,
          1,
          null,
          1,
          1,
          0,
          null,
          null,
          null
        ]
      },
      "/Volumes/Macintosh HD - Data/Users/student/projects/makers_onsite/week_4/bookmark_manager/spec/features/infrastructure_test_spec.rb": {
        "lines": [
          1,
          null,
          1,
          1,
          1,
          1,
          null,
          null
        ]
      },
      "/Volumes/Macintosh HD - Data/Users/student/projects/makers_onsite/week_4/bookmark_manager/spec/features/viewing_bookmarks_spec.rb": {
        "lines": [
          1,
          null,
          1,
          1,
          1,
          null,
          1,
          1,
          0,
          null,
          null
        ]
      }
    },
    "timestamp": 1581438055
  }
}
